<html>
<head>
<title>TestNG:  Default test</title>
<link href="../testng.css" rel="stylesheet" type="text/css" />
<link href="../my-testng.css" rel="stylesheet" type="text/css" />

<style type="text/css">
.log { display: none;} 
.stack-trace { display: none;} 
</style>
<script type="text/javascript">
<!--
function flip(e) {
  current = e.style.display;
  if (current == 'block') {
    e.style.display = 'none';
    return 0;
  }
  else {
    e.style.display = 'block';
    return 1;
  }
}

function toggleBox(szDivId, elem, msg1, msg2)
{
  var res = -1;  if (document.getElementById) {
    res = flip(document.getElementById(szDivId));
  }
  else if (document.all) {
    // this is the way old msie versions work
    res = flip(document.all[szDivId]);
  }
  if(elem) {
    if(res == 0) elem.innerHTML = msg1; else elem.innerHTML = msg2;
  }

}

function toggleAllBoxes() {
  if (document.getElementsByTagName) {
    d = document.getElementsByTagName('div');
    for (i = 0; i < d.length; i++) {
      if (d[i].className == 'log') {
        flip(d[i]);
      }
    }
  }
}

// -->
</script>

</head>
<body>
<h2 align='center'>Default test</h2><table border='1' align="center">
<tr>
<td>Tests passed/Failed/Skipped:</td><td>0/0/4</td>
</tr><tr>
<td>Started on:</td><td>Fri Apr 24 22:22:25 IST 2020</td>
</tr>
<tr><td>Total time:</td><td>6 seconds (6819 ms)</td>
</tr><tr>
<td>Included groups:</td><td></td>
</tr><tr>
<td>Excluded groups:</td><td></td>
</tr>
</table><p/>
<small><i>(Hover the method name to see the test class name)</i></small><p/>
<table width='100%' border='1' class='invocation-failed'>
<tr><td colspan='4' align='center'><b>FAILED CONFIGURATIONS</b></td></tr>
<tr><td><b>Test method</b></td>
<td width="30%"><b>Exception</b></td>
<td width="10%"><b>Time (seconds)</b></td>
<td><b>Instance</b></td>
</tr>
<tr>
<td title='com.hybrid.Testcase.TC_DataDrivenTest_02.launchBrowser()'><b>launchBrowser</b><br>Test class: com.hybrid.Testcase.TC_DataDrivenTest_02</td>
<td><div><pre>org.openqa.selenium.SessionNotCreatedException: session not created: This version of ChromeDriver only supports Chrome version 79
Build info: version: &apos;3.6.0&apos;, revision: &apos;6fbf3ec767&apos;, time: &apos;2017-09-27T15:28:36.4Z&apos;
System info: host: &apos;HP&apos;, ip: &apos;192.168.43.247&apos;, os.name: &apos;Windows 8&apos;, os.arch: &apos;amd64&apos;, os.version: &apos;6.2&apos;, java.version: &apos;1.8.0_221&apos;
Driver info: driver.version: ChromeDriver
remote stacktrace: Backtrace:
	Ordinal0 [0x00FBA113+1548563]
	Ordinal0 [0x00F3DDA1+1039777]
	Ordinal0 [0x00EBE485+517253]
	Ordinal0 [0x00E4FD34+64820]
	Ordinal0 [0x00E4C61E+50718]
	Ordinal0 [0x00E6B797+178071]
	Ordinal0 [0x00E6B59D+177565]
	Ordinal0 [0x00E695FB+169467]
	Ordinal0 [0x00E5160A+71178]
	Ordinal0 [0x00E52690+75408]
	Ordinal0 [0x00E52629+75305]
	Ordinal0 [0x00F571B7+1143223]
	GetHandleVerifier [0x01052B46+507814]
	GetHandleVerifier [0x01052864+507076]
	GetHandleVerifier [0x01059F47+537511]
	GetHandleVerifier [0x01053402+510050]
	Ordinal0 [0x00F4F29C+1110684]
	Ordinal0 [0x00F5938B+1151883]
	Ordinal0 [0x00F594F3+1152243]
	Ordinal0 [0x00F583F5+1147893]
	BaseThreadInitThunk [0x7610850D+14]
	RtlInitializeExceptionChain [0x771EBF39+133]
	RtlInitializeExceptionChain [0x771EBF0C+88]

	at sun.reflect.NativeConstructorAccessorImpl.newInstance0(Native Method)
	at sun.reflect.NativeConstructorAccessorImpl.newInstance(Unknown Source)
	at sun.reflect.DelegatingConstructorAccessorImpl.newInstance(Unknown Source)
	at java.lang.reflect.Constructor.newInstance(Unknown Source)
	at org.openqa.selenium.remote.W3CHandshakeResponse.lambda$new$0(W3CHandshakeResponse.java:57)
	at org.openqa.selenium.remote.W3CHandshakeResponse.lambda$getResponseFunction$2(W3CHandshakeResponse.java:104)
	at org.openqa.selenium.remote.ProtocolHandshake.lambda$createSession$24(ProtocolHandshake.java:359)
	at java.util.stream.ReferencePipeline$3$1.accept(Unknown Source)
	at java.util.Spliterators$ArraySpliterator.tryAdvance(Unknown Source)
	at java.util.stream.ReferencePipeline.forEachWithCancel(Unknown Source)
	at java.util.stream.AbstractPipeline.copyIntoWithCancel(Unknown Source)
	at java.util.stream.AbstractPipeline.copyInto(Unknown Source)
	at java.util.stream.AbstractPipeline.wrapAndCopyInto(Unknown Source)
	at java.util.stream.FindOps$FindOp.evaluateSequential(Unknown Source)
	at java.util.stream.AbstractPipeline.evaluate(Unknown Source)
	at java.util.stream.ReferencePipeline.findFirst(Unknown Source)
	at org.openqa.selenium.remote.ProtocolHandshake.createSession(ProtocolHandshake.java:362)
	at org.openqa.selenium.remote.ProtocolHandshake.createSession(ProtocolHandshake.java:136)
	at org.openqa.selenium.remote.HttpCommandExecutor.execute(HttpCommandExecutor.java:142)
	at org.openqa.selenium.remote.service.DriverCommandExecutor.execute(DriverCommandExecutor.java:83)
	at org.openqa.selenium.remote.RemoteWebDriver.execute(RemoteWebDriver.java:586)
	at org.openqa.selenium.remote.RemoteWebDriver.startSession(RemoteWebDriver.java:217)
	at org.openqa.selenium.remote.RemoteWebDriver.&lt;init&gt;(RemoteWebDriver.java:140)
	at org.openqa.selenium.chrome.ChromeDriver.&lt;init&gt;(ChromeDriver.java:181)
	at org.openqa.selenium.chrome.ChromeDriver.&lt;init&gt;(ChromeDriver.java:168)
	at org.openqa.selenium.chrome.ChromeDriver.&lt;init&gt;(ChromeDriver.java:123)
	at keywords.keyword.openBrowser(keyword.java:38)
	at com.hybrid.Testcase.Base.launchBrowser(Base.java:27)
	at sun.reflect.NativeMethodAccessorImpl.invoke0(Native Method)
	at sun.reflect.NativeMethodAccessorImpl.invoke(Unknown Source)
	at sun.reflect.DelegatingMethodAccessorImpl.invoke(Unknown Source)
	at java.lang.reflect.Method.invoke(Unknown Source)
	at org.testng.internal.MethodInvocationHelper.invokeMethod(MethodInvocationHelper.java:84)
	at org.testng.internal.Invoker.invokeConfigurationMethod(Invoker.java:564)
	at org.testng.internal.Invoker.invokeConfigurations(Invoker.java:213)
	at org.testng.internal.Invoker.invokeMethod(Invoker.java:653)
	at org.testng.internal.Invoker.invokeTestMethod(Invoker.java:901)
	at org.testng.internal.Invoker.invokeTestMethods(Invoker.java:1231)
	at org.testng.internal.TestMethodWorker.invokeTestMethods(TestMethodWorker.java:127)
	at org.testng.internal.TestMethodWorker.run(TestMethodWorker.java:111)
	at org.testng.TestRunner.privateRun(TestRunner.java:767)
	at org.testng.TestRunner.run(TestRunner.java:617)
	at org.testng.SuiteRunner.runTest(SuiteRunner.java:348)
	at org.testng.SuiteRunner.runSequentially(SuiteRunner.java:343)
	at org.testng.SuiteRunner.privateRun(SuiteRunner.java:305)
	at org.testng.SuiteRunner.run(SuiteRunner.java:254)
	at org.testng.SuiteRunnerWorker.runSuite(SuiteRunnerWorker.java:52)
	at org.testng.SuiteRunnerWorker.run(SuiteRunnerWorker.java:86)
	at org.testng.TestNG.runSuitesSequentially(TestNG.java:1224)
	at org.testng.TestNG.runSuitesLocally(TestNG.java:1149)
	at org.testng.TestNG.run(TestNG.java:1057)
	at org.testng.remote.AbstractRemoteTestNG.run(AbstractRemoteTestNG.java:132)
	at org.testng.remote.RemoteTestNG.initAndRun(RemoteTestNG.java:236)
	at org.testng.remote.RemoteTestNG.main(RemoteTestNG.java:81)
</pre></div><a href='#' onClick='toggleBox("stack-trace148635643", this, "Click to show all stack frames", "Click to hide stack frames")'>Click to show all stack frames</a>
<div class='stack-trace' id='stack-trace148635643'><pre>org.openqa.selenium.SessionNotCreatedException: session not created: This version of ChromeDriver only supports Chrome version 79
Build info: version: &apos;3.6.0&apos;, revision: &apos;6fbf3ec767&apos;, time: &apos;2017-09-27T15:28:36.4Z&apos;
System info: host: &apos;HP&apos;, ip: &apos;192.168.43.247&apos;, os.name: &apos;Windows 8&apos;, os.arch: &apos;amd64&apos;, os.version: &apos;6.2&apos;, java.version: &apos;1.8.0_221&apos;
Driver info: driver.version: ChromeDriver
remote stacktrace: Backtrace:
	Ordinal0 [0x00FBA113+1548563]
	Ordinal0 [0x00F3DDA1+1039777]
	Ordinal0 [0x00EBE485+517253]
	Ordinal0 [0x00E4FD34+64820]
	Ordinal0 [0x00E4C61E+50718]
	Ordinal0 [0x00E6B797+178071]
	Ordinal0 [0x00E6B59D+177565]
	Ordinal0 [0x00E695FB+169467]
	Ordinal0 [0x00E5160A+71178]
	Ordinal0 [0x00E52690+75408]
	Ordinal0 [0x00E52629+75305]
	Ordinal0 [0x00F571B7+1143223]
	GetHandleVerifier [0x01052B46+507814]
	GetHandleVerifier [0x01052864+507076]
	GetHandleVerifier [0x01059F47+537511]
	GetHandleVerifier [0x01053402+510050]
	Ordinal0 [0x00F4F29C+1110684]
	Ordinal0 [0x00F5938B+1151883]
	Ordinal0 [0x00F594F3+1152243]
	Ordinal0 [0x00F583F5+1147893]
	BaseThreadInitThunk [0x7610850D+14]
	RtlInitializeExceptionChain [0x771EBF39+133]
	RtlInitializeExceptionChain [0x771EBF0C+88]

	at sun.reflect.NativeConstructorAccessorImpl.newInstance0(Native Method)
	at sun.reflect.NativeConstructorAccessorImpl.newInstance(Unknown Source)
	at sun.reflect.DelegatingConstructorAccessorImpl.newInstance(Unknown Source)
	at java.lang.reflect.Constructor.newInstance(Unknown Source)
	at org.openqa.selenium.remote.W3CHandshakeResponse.lambda$new$0(W3CHandshakeResponse.java:57)
	at org.openqa.selenium.remote.W3CHandshakeResponse.lambda$getResponseFunction$2(W3CHandshakeResponse.java:104)
	at org.openqa.selenium.remote.ProtocolHandshake.lambda$createSession$24(ProtocolHandshake.java:359)
	at java.util.stream.ReferencePipeline$3$1.accept(Unknown Source)
	at java.util.Spliterators$ArraySpliterator.tryAdvance(Unknown Source)
	at java.util.stream.ReferencePipeline.forEachWithCancel(Unknown Source)
	at java.util.stream.AbstractPipeline.copyIntoWithCancel(Unknown Source)
	at java.util.stream.AbstractPipeline.copyInto(Unknown Source)
	at java.util.stream.AbstractPipeline.wrapAndCopyInto(Unknown Source)
	at java.util.stream.FindOps$FindOp.evaluateSequential(Unknown Source)
	at java.util.stream.AbstractPipeline.evaluate(Unknown Source)
	at java.util.stream.ReferencePipeline.findFirst(Unknown Source)
	at org.openqa.selenium.remote.ProtocolHandshake.createSession(ProtocolHandshake.java:362)
	at org.openqa.selenium.remote.ProtocolHandshake.createSession(ProtocolHandshake.java:136)
	at org.openqa.selenium.remote.HttpCommandExecutor.execute(HttpCommandExecutor.java:142)
	at org.openqa.selenium.remote.service.DriverCommandExecutor.execute(DriverCommandExecutor.java:83)
	at org.openqa.selenium.remote.RemoteWebDriver.execute(RemoteWebDriver.java:586)
	at org.openqa.selenium.remote.RemoteWebDriver.startSession(RemoteWebDriver.java:217)
	at org.openqa.selenium.remote.RemoteWebDriver.&lt;init&gt;(RemoteWebDriver.java:140)
	at org.openqa.selenium.chrome.ChromeDriver.&lt;init&gt;(ChromeDriver.java:181)
	at org.openqa.selenium.chrome.ChromeDriver.&lt;init&gt;(ChromeDriver.java:168)
	at org.openqa.selenium.chrome.ChromeDriver.&lt;init&gt;(ChromeDriver.java:123)
	at keywords.keyword.openBrowser(keyword.java:38)
	at com.hybrid.Testcase.Base.launchBrowser(Base.java:27)
	at sun.reflect.NativeMethodAccessorImpl.invoke0(Native Method)
	at sun.reflect.NativeMethodAccessorImpl.invoke(Unknown Source)
	at sun.reflect.DelegatingMethodAccessorImpl.invoke(Unknown Source)
	at java.lang.reflect.Method.invoke(Unknown Source)
	at org.testng.internal.MethodInvocationHelper.invokeMethod(MethodInvocationHelper.java:84)
	at org.testng.internal.Invoker.invokeConfigurationMethod(Invoker.java:564)
	at org.testng.internal.Invoker.invokeConfigurations(Invoker.java:213)
	at org.testng.internal.Invoker.invokeMethod(Invoker.java:653)
	at org.testng.internal.Invoker.invokeTestMethod(Invoker.java:901)
	at org.testng.internal.Invoker.invokeTestMethods(Invoker.java:1231)
	at org.testng.internal.TestMethodWorker.invokeTestMethods(TestMethodWorker.java:127)
	at org.testng.internal.TestMethodWorker.run(TestMethodWorker.java:111)
	at org.testng.TestRunner.privateRun(TestRunner.java:767)
	at org.testng.TestRunner.run(TestRunner.java:617)
	at org.testng.SuiteRunner.runTest(SuiteRunner.java:348)
	at org.testng.SuiteRunner.runSequentially(SuiteRunner.java:343)
	at org.testng.SuiteRunner.privateRun(SuiteRunner.java:305)
	at org.testng.SuiteRunner.run(SuiteRunner.java:254)
	at org.testng.SuiteRunnerWorker.runSuite(SuiteRunnerWorker.java:52)
	at org.testng.SuiteRunnerWorker.run(SuiteRunnerWorker.java:86)
	at org.testng.TestNG.runSuitesSequentially(TestNG.java:1224)
	at org.testng.TestNG.runSuitesLocally(TestNG.java:1149)
	at org.testng.TestNG.run(TestNG.java:1057)
	at org.testng.remote.AbstractRemoteTestNG.run(AbstractRemoteTestNG.java:132)
	at org.testng.remote.RemoteTestNG.initAndRun(RemoteTestNG.java:236)
	at org.testng.remote.RemoteTestNG.main(RemoteTestNG.java:81)
</pre></div></td>
<td>0</td>
<td>com.hybrid.Testcase.TC_DataDrivenTest_02@8bd1b6a</td></tr>
</table><p>
<table width='100%' border='1' class='invocation-skipped'>
<tr><td colspan='4' align='center'><b>SKIPPED CONFIGURATIONS</b></td></tr>
<tr><td><b>Test method</b></td>
<td width="30%"><b>Exception</b></td>
<td width="10%"><b>Time (seconds)</b></td>
<td><b>Instance</b></td>
</tr>
<tr>
<td title='com.hybrid.Testcase.TC_DataDrivenTest_02.launchBrowser()'><b>launchBrowser</b><br>Test class: com.hybrid.Testcase.TC_DataDrivenTest_02</td>
<td></td>
<td>0</td>
<td>com.hybrid.Testcase.TC_DataDrivenTest_02@8bd1b6a</td></tr>
<tr>
<td title='com.hybrid.Testcase.TC_DataDrivenTest_02.launchBrowser()'><b>launchBrowser</b><br>Test class: com.hybrid.Testcase.TC_DataDrivenTest_02</td>
<td></td>
<td>0</td>
<td>com.hybrid.Testcase.TC_DataDrivenTest_02@8bd1b6a</td></tr>
<tr>
<td title='com.hybrid.Testcase.TC_DataDrivenTest_02.launchBrowser()'><b>launchBrowser</b><br>Test class: com.hybrid.Testcase.TC_DataDrivenTest_02</td>
<td></td>
<td>0</td>
<td>com.hybrid.Testcase.TC_DataDrivenTest_02@8bd1b6a</td></tr>
<tr>
<td title='com.hybrid.Testcase.TC_DataDrivenTest_02.quitBrowser()'><b>quitBrowser</b><br>Test class: com.hybrid.Testcase.TC_DataDrivenTest_02</td>
<td></td>
<td>0</td>
<td>com.hybrid.Testcase.TC_DataDrivenTest_02@8bd1b6a</td></tr>
<tr>
<td title='com.hybrid.Testcase.TC_DataDrivenTest_02.quitBrowser()'><b>quitBrowser</b><br>Test class: com.hybrid.Testcase.TC_DataDrivenTest_02</td>
<td></td>
<td>0</td>
<td>com.hybrid.Testcase.TC_DataDrivenTest_02@8bd1b6a</td></tr>
<tr>
<td title='com.hybrid.Testcase.TC_DataDrivenTest_02.quitBrowser()'><b>quitBrowser</b><br>Test class: com.hybrid.Testcase.TC_DataDrivenTest_02</td>
<td></td>
<td>0</td>
<td>com.hybrid.Testcase.TC_DataDrivenTest_02@8bd1b6a</td></tr>
<tr>
<td title='com.hybrid.Testcase.TC_DataDrivenTest_02.quitBrowser()'><b>quitBrowser</b><br>Test class: com.hybrid.Testcase.TC_DataDrivenTest_02</td>
<td></td>
<td>0</td>
<td>com.hybrid.Testcase.TC_DataDrivenTest_02@8bd1b6a</td></tr>
</table><p>
<table width='100%' border='1' class='invocation-skipped'>
<tr><td colspan='4' align='center'><b>SKIPPED TESTS</b></td></tr>
<tr><td><b>Test method</b></td>
<td width="30%"><b>Exception</b></td>
<td width="10%"><b>Time (seconds)</b></td>
<td><b>Instance</b></td>
</tr>
<tr>
<td title='com.hybrid.Testcase.TC_DataDrivenTest_02.verifyLogin()'><b>verifyLogin</b><br>Test class: com.hybrid.Testcase.TC_DataDrivenTest_02<br>Parameters: mngr251245, buhudYb</td>
<td></td>
<td>0</td>
<td>com.hybrid.Testcase.TC_DataDrivenTest_02@8bd1b6a</td></tr>
<tr>
<td title='com.hybrid.Testcase.TC_DataDrivenTest_02.verifyLogin()'><b>verifyLogin</b><br>Test class: com.hybrid.Testcase.TC_DataDrivenTest_02<br>Parameters: mngr244545, gYsyhek</td>
<td></td>
<td>0</td>
<td>com.hybrid.Testcase.TC_DataDrivenTest_02@8bd1b6a</td></tr>
<tr>
<td title='com.hybrid.Testcase.TC_DataDrivenTest_02.verifyLogin()'><b>verifyLogin</b><br>Test class: com.hybrid.Testcase.TC_DataDrivenTest_02<br>Parameters: mngr251245, buhudYb</td>
<td></td>
<td>0</td>
<td>com.hybrid.Testcase.TC_DataDrivenTest_02@8bd1b6a</td></tr>
<tr>
<td title='com.hybrid.Testcase.TC_DataDrivenTest_02.verifyLogin()'><b>verifyLogin</b><br>Test class: com.hybrid.Testcase.TC_DataDrivenTest_02<br>Parameters: mngr244549, gYsyhee</td>
<td></td>
<td>0</td>
<td>com.hybrid.Testcase.TC_DataDrivenTest_02@8bd1b6a</td></tr>
</table><p>
</body>
</html>