<?xml version="1.0" encoding="UTF-8"?>
<!-- Generated by org.testng.reporters.JUnitXMLReporter -->
<testsuite hostname="HP" name="Default test" tests="4" failures="0" timestamp="24 Apr 2020 16:52:32 GMT" time="6.819" errors="0">
  <testcase name="@BeforeMethod launchBrowser" time="0.0" classname="com.hybrid.Testcase.TC_DataDrivenTest_02">
    <failure type="org.openqa.selenium.SessionNotCreatedException" message="session not created: This version of ChromeDriver only supports Chrome version 79
Build info: version: &amp;apos;3.6.0&amp;apos;, revision: &amp;apos;6fbf3ec767&amp;apos;, time: &amp;apos;2017-09-27T15:28:36.4Z&amp;apos;
System info: host: &amp;apos;HP&amp;apos;, ip: &amp;apos;192.168.43.247&amp;apos;, os.name: &amp;apos;Windows 8&amp;apos;, os.arch: &amp;apos;amd64&amp;apos;, os.version: &amp;apos;6.2&amp;apos;, java.version: &amp;apos;1.8.0_221&amp;apos;
Driver info: driver.version: ChromeDriver
remote stacktrace: Backtrace:
	Ordinal0 [0x00FBA113+1548563]
	Ordinal0 [0x00F3DDA1+1039777]
	Ordinal0 [0x00EBE485+517253]
	Ordinal0 [0x00E4FD34+64820]
	Ordinal0 [0x00E4C61E+50718]
	Ordinal0 [0x00E6B797+178071]
	Ordinal0 [0x00E6B59D+177565]
	Ordinal0 [0x00E695FB+169467]
	Ordinal0 [0x00E5160A+71178]
	Ordinal0 [0x00E52690+75408]
	Ordinal0 [0x00E52629+75305]
	Ordinal0 [0x00F571B7+1143223]
	GetHandleVerifier [0x01052B46+507814]
	GetHandleVerifier [0x01052864+507076]
	GetHandleVerifier [0x01059F47+537511]
	GetHandleVerifier [0x01053402+510050]
	Ordinal0 [0x00F4F29C+1110684]
	Ordinal0 [0x00F5938B+1151883]
	Ordinal0 [0x00F594F3+1152243]
	Ordinal0 [0x00F583F5+1147893]
	BaseThreadInitThunk [0x7610850D+14]
	RtlInitializeExceptionChain [0x771EBF39+133]
	RtlInitializeExceptionChain [0x771EBF0C+88]
">
      <![CDATA[org.openqa.selenium.SessionNotCreatedException: session not created: This version of ChromeDriver only supports Chrome version 79
Build info: version: '3.6.0', revision: '6fbf3ec767', time: '2017-09-27T15:28:36.4Z'
System info: host: 'HP', ip: '192.168.43.247', os.name: 'Windows 8', os.arch: 'amd64', os.version: '6.2', java.version: '1.8.0_221'
Driver info: driver.version: ChromeDriver
remote stacktrace: Backtrace:
	Ordinal0 [0x00FBA113+1548563]
	Ordinal0 [0x00F3DDA1+1039777]
	Ordinal0 [0x00EBE485+517253]
	Ordinal0 [0x00E4FD34+64820]
	Ordinal0 [0x00E4C61E+50718]
	Ordinal0 [0x00E6B797+178071]
	Ordinal0 [0x00E6B59D+177565]
	Ordinal0 [0x00E695FB+169467]
	Ordinal0 [0x00E5160A+71178]
	Ordinal0 [0x00E52690+75408]
	Ordinal0 [0x00E52629+75305]
	Ordinal0 [0x00F571B7+1143223]
	GetHandleVerifier [0x01052B46+507814]
	GetHandleVerifier [0x01052864+507076]
	GetHandleVerifier [0x01059F47+537511]
	GetHandleVerifier [0x01053402+510050]
	Ordinal0 [0x00F4F29C+1110684]
	Ordinal0 [0x00F5938B+1151883]
	Ordinal0 [0x00F594F3+1152243]
	Ordinal0 [0x00F583F5+1147893]
	BaseThreadInitThunk [0x7610850D+14]
	RtlInitializeExceptionChain [0x771EBF39+133]
	RtlInitializeExceptionChain [0x771EBF0C+88]

	at sun.reflect.NativeConstructorAccessorImpl.newInstance0(Native Method)
	at sun.reflect.NativeConstructorAccessorImpl.newInstance(Unknown Source)
	at sun.reflect.DelegatingConstructorAccessorImpl.newInstance(Unknown Source)
	at java.lang.reflect.Constructor.newInstance(Unknown Source)
	at org.openqa.selenium.remote.W3CHandshakeResponse.lambda$new$0(W3CHandshakeResponse.java:57)
	at org.openqa.selenium.remote.W3CHandshakeResponse.lambda$getResponseFunction$2(W3CHandshakeResponse.java:104)
	at org.openqa.selenium.remote.ProtocolHandshake.lambda$createSession$24(ProtocolHandshake.java:359)
	at java.util.stream.ReferencePipeline$3$1.accept(Unknown Source)
	at java.util.Spliterators$ArraySpliterator.tryAdvance(Unknown Source)
	at java.util.stream.ReferencePipeline.forEachWithCancel(Unknown Source)
	at java.util.stream.AbstractPipeline.copyIntoWithCancel(Unknown Source)
	at java.util.stream.AbstractPipeline.copyInto(Unknown Source)
	at java.util.stream.AbstractPipeline.wrapAndCopyInto(Unknown Source)
	at java.util.stream.FindOps$FindOp.evaluateSequential(Unknown Source)
	at java.util.stream.AbstractPipeline.evaluate(Unknown Source)
	at java.util.stream.ReferencePipeline.findFirst(Unknown Source)
	at org.openqa.selenium.remote.ProtocolHandshake.createSession(ProtocolHandshake.java:362)
	at org.openqa.selenium.remote.ProtocolHandshake.createSession(ProtocolHandshake.java:136)
	at org.openqa.selenium.remote.HttpCommandExecutor.execute(HttpCommandExecutor.java:142)
	at org.openqa.selenium.remote.service.DriverCommandExecutor.execute(DriverCommandExecutor.java:83)
	at org.openqa.selenium.remote.RemoteWebDriver.execute(RemoteWebDriver.java:586)
	at org.openqa.selenium.remote.RemoteWebDriver.startSession(RemoteWebDriver.java:217)
	at org.openqa.selenium.remote.RemoteWebDriver.<init>(RemoteWebDriver.java:140)
	at org.openqa.selenium.chrome.ChromeDriver.<init>(ChromeDriver.java:181)
	at org.openqa.selenium.chrome.ChromeDriver.<init>(ChromeDriver.java:168)
	at org.openqa.selenium.chrome.ChromeDriver.<init>(ChromeDriver.java:123)
	at keywords.keyword.openBrowser(keyword.java:38)
	at com.hybrid.Testcase.Base.launchBrowser(Base.java:27)
	at sun.reflect.NativeMethodAccessorImpl.invoke0(Native Method)
	at sun.reflect.NativeMethodAccessorImpl.invoke(Unknown Source)
	at sun.reflect.DelegatingMethodAccessorImpl.invoke(Unknown Source)
	at java.lang.reflect.Method.invoke(Unknown Source)
	at org.testng.internal.MethodInvocationHelper.invokeMethod(MethodInvocationHelper.java:84)
	at org.testng.internal.Invoker.invokeConfigurationMethod(Invoker.java:564)
	at org.testng.internal.Invoker.invokeConfigurations(Invoker.java:213)
	at org.testng.internal.Invoker.invokeMethod(Invoker.java:653)
	at org.testng.internal.Invoker.invokeTestMethod(Invoker.java:901)
	at org.testng.internal.Invoker.invokeTestMethods(Invoker.java:1231)
	at org.testng.internal.TestMethodWorker.invokeTestMethods(TestMethodWorker.java:127)
	at org.testng.internal.TestMethodWorker.run(TestMethodWorker.java:111)
	at org.testng.TestRunner.privateRun(TestRunner.java:767)
	at org.testng.TestRunner.run(TestRunner.java:617)
	at org.testng.SuiteRunner.runTest(SuiteRunner.java:348)
	at org.testng.SuiteRunner.runSequentially(SuiteRunner.java:343)
	at org.testng.SuiteRunner.privateRun(SuiteRunner.java:305)
	at org.testng.SuiteRunner.run(SuiteRunner.java:254)
	at org.testng.SuiteRunnerWorker.runSuite(SuiteRunnerWorker.java:52)
	at org.testng.SuiteRunnerWorker.run(SuiteRunnerWorker.java:86)
	at org.testng.TestNG.runSuitesSequentially(TestNG.java:1224)
	at org.testng.TestNG.runSuitesLocally(TestNG.java:1149)
	at org.testng.TestNG.run(TestNG.java:1057)
	at org.testng.remote.AbstractRemoteTestNG.run(AbstractRemoteTestNG.java:132)
	at org.testng.remote.RemoteTestNG.initAndRun(RemoteTestNG.java:236)
	at org.testng.remote.RemoteTestNG.main(RemoteTestNG.java:81)
]]>
    </failure>
  </testcase> <!-- @BeforeMethod launchBrowser -->
  <testcase name="@AfterMethod quitBrowser" time="0.0" classname="com.hybrid.Testcase.TC_DataDrivenTest_02">
    <skipped/>
  </testcase> <!-- @AfterMethod quitBrowser -->
  <testcase name="@BeforeMethod launchBrowser" time="0.0" classname="com.hybrid.Testcase.TC_DataDrivenTest_02">
    <skipped/>
  </testcase> <!-- @BeforeMethod launchBrowser -->
  <testcase name="@AfterMethod quitBrowser" time="0.0" classname="com.hybrid.Testcase.TC_DataDrivenTest_02">
    <skipped/>
  </testcase> <!-- @AfterMethod quitBrowser -->
  <testcase name="@BeforeMethod launchBrowser" time="0.0" classname="com.hybrid.Testcase.TC_DataDrivenTest_02">
    <skipped/>
  </testcase> <!-- @BeforeMethod launchBrowser -->
  <testcase name="@AfterMethod quitBrowser" time="0.0" classname="com.hybrid.Testcase.TC_DataDrivenTest_02">
    <skipped/>
  </testcase> <!-- @AfterMethod quitBrowser -->
  <testcase name="@BeforeMethod launchBrowser" time="0.0" classname="com.hybrid.Testcase.TC_DataDrivenTest_02">
    <skipped/>
  </testcase> <!-- @BeforeMethod launchBrowser -->
  <testcase name="@AfterMethod quitBrowser" time="0.0" classname="com.hybrid.Testcase.TC_DataDrivenTest_02">
    <skipped/>
  </testcase> <!-- @AfterMethod quitBrowser -->
  <testcase name="verifyLogin" time="0.008" classname="com.hybrid.Testcase.TC_DataDrivenTest_02">
    <skipped/>
  </testcase> <!-- verifyLogin -->
  <testcase name="verifyLogin" time="0.004" classname="com.hybrid.Testcase.TC_DataDrivenTest_02">
    <skipped/>
  </testcase> <!-- verifyLogin -->
  <testcase name="verifyLogin" time="0.004" classname="com.hybrid.Testcase.TC_DataDrivenTest_02">
    <skipped/>
  </testcase> <!-- verifyLogin -->
  <testcase name="verifyLogin" time="0.022" classname="com.hybrid.Testcase.TC_DataDrivenTest_02">
    <skipped/>
  </testcase> <!-- verifyLogin -->
</testsuite> <!-- Default test -->
