<?xml version="1.0" encoding="UTF-8"?>
<!-- Generated by org.testng.reporters.JUnitXMLReporter -->
<testsuite hostname="GAURAV-PC" name="Default test(failed)" tests="4" failures="0" timestamp="28 Jul 2020 08:40:32 GMT" time="7.619" errors="0">
  <testcase name="@BeforeMethod launchBrowser" time="0.0" classname="com.hybrid.Testcase.TC_DataDrivenTest_02">
    <failure type="org.openqa.selenium.SessionNotCreatedException" message="session not created: This version of ChromeDriver only supports Chrome version 79
Build info: version: &amp;apos;3.6.0&amp;apos;, revision: &amp;apos;6fbf3ec767&amp;apos;, time: &amp;apos;2017-09-27T15:28:36.4Z&amp;apos;
System info: host: &amp;apos;GAURAV-PC&amp;apos;, ip: &amp;apos;127.0.0.1&amp;apos;, os.name: &amp;apos;Windows 8&amp;apos;, os.arch: &amp;apos;amd64&amp;apos;, os.version: &amp;apos;6.2&amp;apos;, java.version: &amp;apos;1.8.0_221&amp;apos;
Driver info: driver.version: ChromeDriver
remote stacktrace: Backtrace:
	Ordinal0 [0x00FFA113+1548563]
	Ordinal0 [0x00F7DDA1+1039777]
	Ordinal0 [0x00EFE485+517253]
	Ordinal0 [0x00E8FD34+64820]
	Ordinal0 [0x00E8C61E+50718]
	Ordinal0 [0x00EAB797+178071]
	Ordinal0 [0x00EAB59D+177565]
	Ordinal0 [0x00EA95FB+169467]
	Ordinal0 [0x00E9160A+71178]
	Ordinal0 [0x00E92690+75408]
	Ordinal0 [0x00E92629+75305]
	Ordinal0 [0x00F971B7+1143223]
	GetHandleVerifier [0x01092B46+507814]
	GetHandleVerifier [0x01092864+507076]
	GetHandleVerifier [0x01099F47+537511]
	GetHandleVerifier [0x01093402+510050]
	Ordinal0 [0x00F8F29C+1110684]
	Ordinal0 [0x00F9938B+1151883]
	Ordinal0 [0x00F994F3+1152243]
	Ordinal0 [0x00F983F5+1147893]
	BaseThreadInitThunk [0x7700850D+14]
	RtlInitializeExceptionChain [0x776ABF39+133]
	RtlInitializeExceptionChain [0x776ABF0C+88]
">
      <![CDATA[org.openqa.selenium.SessionNotCreatedException: session not created: This version of ChromeDriver only supports Chrome version 79
Build info: version: '3.6.0', revision: '6fbf3ec767', time: '2017-09-27T15:28:36.4Z'
System info: host: 'GAURAV-PC', ip: '127.0.0.1', os.name: 'Windows 8', os.arch: 'amd64', os.version: '6.2', java.version: '1.8.0_221'
Driver info: driver.version: ChromeDriver
remote stacktrace: Backtrace:
	Ordinal0 [0x00FFA113+1548563]
	Ordinal0 [0x00F7DDA1+1039777]
	Ordinal0 [0x00EFE485+517253]
	Ordinal0 [0x00E8FD34+64820]
	Ordinal0 [0x00E8C61E+50718]
	Ordinal0 [0x00EAB797+178071]
	Ordinal0 [0x00EAB59D+177565]
	Ordinal0 [0x00EA95FB+169467]
	Ordinal0 [0x00E9160A+71178]
	Ordinal0 [0x00E92690+75408]
	Ordinal0 [0x00E92629+75305]
	Ordinal0 [0x00F971B7+1143223]
	GetHandleVerifier [0x01092B46+507814]
	GetHandleVerifier [0x01092864+507076]
	GetHandleVerifier [0x01099F47+537511]
	GetHandleVerifier [0x01093402+510050]
	Ordinal0 [0x00F8F29C+1110684]
	Ordinal0 [0x00F9938B+1151883]
	Ordinal0 [0x00F994F3+1152243]
	Ordinal0 [0x00F983F5+1147893]
	BaseThreadInitThunk [0x7700850D+14]
	RtlInitializeExceptionChain [0x776ABF39+133]
	RtlInitializeExceptionChain [0x776ABF0C+88]

	at org.openqa.selenium.remote.W3CHandshakeResponse.lambda$new$0(W3CHandshakeResponse.java:57)
	at org.openqa.selenium.remote.W3CHandshakeResponse.lambda$getResponseFunction$2(W3CHandshakeResponse.java:104)
	at org.openqa.selenium.remote.ProtocolHandshake.lambda$createSession$24(ProtocolHandshake.java:359)
	at java.util.stream.ReferencePipeline$3$1.accept(Unknown Source)
	at java.util.Spliterators$ArraySpliterator.tryAdvance(Unknown Source)
	at java.util.stream.ReferencePipeline.forEachWithCancel(Unknown Source)
	at java.util.stream.AbstractPipeline.copyIntoWithCancel(Unknown Source)
	at java.util.stream.AbstractPipeline.copyInto(Unknown Source)
	at java.util.stream.AbstractPipeline.wrapAndCopyInto(Unknown Source)
	at java.util.stream.FindOps$FindOp.evaluateSequential(Unknown Source)
	at java.util.stream.AbstractPipeline.evaluate(Unknown Source)
	at java.util.stream.ReferencePipeline.findFirst(Unknown Source)
	at org.openqa.selenium.remote.ProtocolHandshake.createSession(ProtocolHandshake.java:362)
	at org.openqa.selenium.remote.ProtocolHandshake.createSession(ProtocolHandshake.java:136)
	at org.openqa.selenium.remote.HttpCommandExecutor.execute(HttpCommandExecutor.java:142)
	at org.openqa.selenium.remote.service.DriverCommandExecutor.execute(DriverCommandExecutor.java:83)
	at org.openqa.selenium.remote.RemoteWebDriver.execute(RemoteWebDriver.java:586)
	at org.openqa.selenium.remote.RemoteWebDriver.startSession(RemoteWebDriver.java:217)
	at org.openqa.selenium.remote.RemoteWebDriver.<init>(RemoteWebDriver.java:140)
	at org.openqa.selenium.chrome.ChromeDriver.<init>(ChromeDriver.java:181)
	at org.openqa.selenium.chrome.ChromeDriver.<init>(ChromeDriver.java:168)
	at org.openqa.selenium.chrome.ChromeDriver.<init>(ChromeDriver.java:123)
	at keywords.keyword.openBrowser(keyword.java:38)
	at com.hybrid.Testcase.Base.launchBrowser(Base.java:27)
... Removed 30 stack frames]]>
    </failure>
  </testcase> <!-- @BeforeMethod launchBrowser -->
  <testcase name="@AfterMethod quitBrowser" time="0.0" classname="com.hybrid.Testcase.TC_DataDrivenTest_02">
    <skipped/>
  </testcase> <!-- @AfterMethod quitBrowser -->
  <testcase name="@BeforeMethod launchBrowser" time="0.0" classname="com.hybrid.Testcase.TC_DataDrivenTest_02">
    <skipped/>
  </testcase> <!-- @BeforeMethod launchBrowser -->
  <testcase name="@AfterMethod quitBrowser" time="0.0" classname="com.hybrid.Testcase.TC_DataDrivenTest_02">
    <skipped/>
  </testcase> <!-- @AfterMethod quitBrowser -->
  <testcase name="@BeforeMethod launchBrowser" time="0.0" classname="com.hybrid.Testcase.TC_DataDrivenTest_02">
    <skipped/>
  </testcase> <!-- @BeforeMethod launchBrowser -->
  <testcase name="@AfterMethod quitBrowser" time="0.0" classname="com.hybrid.Testcase.TC_DataDrivenTest_02">
    <skipped/>
  </testcase> <!-- @AfterMethod quitBrowser -->
  <testcase name="@BeforeMethod launchBrowser" time="0.0" classname="com.hybrid.Testcase.TC_DataDrivenTest_02">
    <skipped/>
  </testcase> <!-- @BeforeMethod launchBrowser -->
  <testcase name="@AfterMethod quitBrowser" time="0.0" classname="com.hybrid.Testcase.TC_DataDrivenTest_02">
    <skipped/>
  </testcase> <!-- @AfterMethod quitBrowser -->
  <testcase name="verifyLogin" time="0.017" classname="com.hybrid.Testcase.TC_DataDrivenTest_02">
    <skipped/>
  </testcase> <!-- verifyLogin -->
  <testcase name="verifyLogin" time="0.008" classname="com.hybrid.Testcase.TC_DataDrivenTest_02">
    <skipped/>
  </testcase> <!-- verifyLogin -->
  <testcase name="verifyLogin" time="0.004" classname="com.hybrid.Testcase.TC_DataDrivenTest_02">
    <skipped/>
  </testcase> <!-- verifyLogin -->
  <testcase name="verifyLogin" time="0.003" classname="com.hybrid.Testcase.TC_DataDrivenTest_02">
    <skipped/>
  </testcase> <!-- verifyLogin -->
</testsuite> <!-- Default test(failed) -->
